<?xml version="1.0" encoding="UTF-8"?>
<!-- Generated by org.testng.reporters.JUnitXMLReporter -->
<testsuite ignored="4" hostname="DESKTOP-PBL24PS" failures="2" tests="5" name="testrun" time="40.101" errors="0" timestamp="2021-04-28T08:04:27 IST">
  <testcase classname="com.qa.tests.HomePageTest" name="clickOnBookstoreApplication" time="34.869"/>
  <testcase classname="com.qa.tests.BookStoreApplicationTest" name="bookStorePage" time="0.05"/>
  <testcase classname="com.qa.tests.BookStoreApplicationTest" name="thirdBookElementClicked" time="1.769">
    <failure type="java.lang.AssertionError" message="expected [true] but found [false]">
      <![CDATA[java.lang.AssertionError: expected [true] but found [false]
at com.qa.tests.BookStoreApplicationTest.thirdBookElementClicked(BookStoreApplicationTest.java:18)
at java.base/java.util.ArrayList.forEach(ArrayList.java:1511)
at com.intellij.rt.testng.IDEARemoteTestNG.run(IDEARemoteTestNG.java:66)
at com.intellij.rt.testng.RemoteTestNGStarter.main(RemoteTestNGStarter.java:109)
... Removed 30 stack frames]]>
    </failure>
  </testcase> <!-- thirdBookElementClicked -->
  <testcase classname="com.qa.tests.BookStoreTest" name="oreillySiteLaunced" time="3.246">
    <failure type="java.lang.AssertionError" message="expected [true] but found [false]">
      <![CDATA[java.lang.AssertionError: expected [true] but found [false]
at com.qa.tests.BookStoreTest.oreillySiteLaunced(BookStoreTest.java:18)
at java.base/java.util.ArrayList.forEach(ArrayList.java:1511)
at com.intellij.rt.testng.IDEARemoteTestNG.run(IDEARemoteTestNG.java:66)
at com.intellij.rt.testng.RemoteTestNGStarter.main(RemoteTestNGStarter.java:109)
... Removed 30 stack frames]]>
    </failure>
  </testcase> <!-- oreillySiteLaunced -->
  <testcase classname="com.qa.tests.BookStoreTest" name="secondBookStore" time="0.082"/>
  <testcase classname="com.qa.base.BaseTest" name="@AfterSuite afterSuite" time="0.0">
    <ignored/>
  </testcase> <!-- @AfterSuite afterSuite -->
  <testcase classname="com.qa.base.BaseTest" name="@AfterSuite afterSuite" time="0.0">
    <ignored/>
  </testcase> <!-- @AfterSuite afterSuite -->
  <testcase classname="com.qa.base.BaseTest" name="@BeforeSuite beforeSuite" time="0.0">
    <ignored/>
  </testcase> <!-- @BeforeSuite beforeSuite -->
  <testcase classname="com.qa.base.BaseTest" name="@BeforeSuite beforeSuite" time="0.0">
    <ignored/>
  </testcase> <!-- @BeforeSuite beforeSuite -->
</testsuite> <!-- testrun -->
